Base path: 'C:/Program Files/Unity/Hub/Editor/2019.4.11f1/Editor/Data', plugins path 'C:/Program Files/Unity/Hub/Editor/2019.4.11f1/Editor/Data/PlaybackEngines'
Cmd: initializeCompiler
Cmd: preprocess
  insize=3352 outsize=2049 ok=1
Cmd: preprocess
  insize=1749 outsize=1790 ok=1
Cmd: preprocess
  insize=1722 outsize=1762 ok=1
Cmd: preprocess
  insize=2195 outsize=1637 ok=1
Cmd: preprocess
  insize=2222 outsize=1664 ok=1
Cmd: preprocess
  insize=3352 outsize=2049 ok=1
Cmd: preprocess
  insize=1749 outsize=1790 ok=1
Cmd: preprocess
  insize=1722 outsize=1762 ok=1
Cmd: preprocess
  insize=2195 outsize=1637 ok=1
Cmd: preprocess
  insize=2222 outsize=1664 ok=1
Cmd: preprocess
  error: 2 plat 21 at (22): Surface function 'surf' and lighting model 'StandardSpecular' have mismatching output types ('SurfaceOutput' vs 'SurfaceOutputStandardSpecular')
  insize=3352 outsize=1434 ok=0
Cmd: preprocess
  insize=3343 outsize=2351 ok=1
Cmd: preprocess
  insize=3343 outsize=2351 ok=1
Cmd: preprocess
  error: 2 plat 21 at GrassSurfaces/GrassSpecularSurface.cginc(8): Unexpected identifier "SurfaceOutputStandardSpecular". Expected one of: sampler sampler1D sampler2D sampler3D samplerCUBE sampler_state SamplerState SamplerComparisonState bool int uint half float double or a user-defined type
  insize=3343 outsize=1555 ok=0
Cmd: preprocess
  insize=3352 outsize=2049 ok=1
Cmd: preprocess
  insize=3352 outsize=2049 ok=1
